A new study created in memory with name: no-name-dc69b049-72ef-4368-b674-cf6cb9802eff
Trial 0 failed with parameters: {'learning_rate': 7.134206421086611e-05, 'n_steps': 6973, 'total_timesteps': 699187, 'gamma': 0.9340806977217466, 'gae_lambda': 0.9004972780554826, 'ent_coef': 0.03222526659508553, 'vf_coef': 0.12772771040484593, 'max_grad_norm': 0.33415324155816734, 'reward_scaling': 1.9503478191921962e-05, 'hmax': 54539, 'sharpe_ratio_weight': 0.5104111998128511, 'loss_penalty_weight': 0.4652052225378623} because of the following error: The value None could not be cast to float..
Trial 0 failed with value None.
Trial 1 failed with parameters: {'learning_rate': 5.003164629817155e-05, 'n_steps': 2512, 'total_timesteps': 603176, 'gamma': 0.9680515276810626, 'gae_lambda': 0.9551653466738628, 'ent_coef': 0.06222084593826991, 'vf_coef': 0.24795087090739842, 'max_grad_norm': 0.215379322710534, 'reward_scaling': 0.00024086967961689957, 'hmax': 94011, 'sharpe_ratio_weight': 0.591762762063231, 'loss_penalty_weight': 0.13576811533057973} because of the following error: The value None could not be cast to float..
Trial 1 failed with value None.
Trial 2 failed with parameters: {'learning_rate': 2.736118045378832e-05, 'n_steps': 7126, 'total_timesteps': 906027, 'gamma': 0.9944510183755811, 'gae_lambda': 0.9007932708324531, 'ent_coef': 0.04092262986264104, 'vf_coef': 0.12917216994153066, 'max_grad_norm': 0.1949446882798925, 'reward_scaling': 0.0008897654170905538, 'hmax': 91666, 'sharpe_ratio_weight': 0.2153738582597834, 'loss_penalty_weight': 0.4830080097663459} because of the following error: The value None could not be cast to float..
Trial 2 failed with value None.
Trial 3 failed with parameters: {'learning_rate': 2.11322516306727e-05, 'n_steps': 1219, 'total_timesteps': 353726, 'gamma': 0.980127407595622, 'gae_lambda': 0.9761284998015809, 'ent_coef': 0.037616053567021024, 'vf_coef': 0.14666087099472563, 'max_grad_norm': 0.10032070478623527, 'reward_scaling': 0.0006160567999979609, 'hmax': 93762, 'sharpe_ratio_weight': 0.5776372609864775, 'loss_penalty_weight': 0.1144226294454071} because of the following error: The value None could not be cast to float..
Trial 3 failed with value None.
Trial 4 failed with parameters: {'learning_rate': 4.4551535033272976e-05, 'n_steps': 3047, 'total_timesteps': 836030, 'gamma': 0.9703759617275078, 'gae_lambda': 0.9423389262443195, 'ent_coef': 0.05027310623893427, 'vf_coef': 0.17718451928548257, 'max_grad_norm': 0.18741107773140825, 'reward_scaling': 1.7855499225786393e-05, 'hmax': 72711, 'sharpe_ratio_weight': 0.5844289184216657, 'loss_penalty_weight': 0.2537624589987226} because of the following error: The value None could not be cast to float..
Trial 4 failed with value None.
Trial 5 failed with parameters: {'learning_rate': 2.5008672188237362e-05, 'n_steps': 6442, 'total_timesteps': 584588, 'gamma': 0.9163726275900357, 'gae_lambda': 0.997908010591583, 'ent_coef': 0.016899621641175026, 'vf_coef': 0.17376771989588657, 'max_grad_norm': 0.11343020724031137, 'reward_scaling': 0.00029642443307170317, 'hmax': 67089, 'sharpe_ratio_weight': 0.31432459316943784, 'loss_penalty_weight': 0.2392510531582148} because of the following error: The value None could not be cast to float..
Trial 5 failed with value None.
Trial 6 failed with parameters: {'learning_rate': 1.0574369270918225e-05, 'n_steps': 1085, 'total_timesteps': 414810, 'gamma': 0.9307992226884314, 'gae_lambda': 0.9519559793505544, 'ent_coef': 0.010274082836845116, 'vf_coef': 0.1608040450236267, 'max_grad_norm': 0.13020403826522312, 'reward_scaling': 0.0006825104024369478, 'hmax': 60260, 'sharpe_ratio_weight': 0.2562285971812006, 'loss_penalty_weight': 0.18775463946342316} because of the following error: The value None could not be cast to float..
Trial 6 failed with value None.
Trial 7 failed with parameters: {'learning_rate': 3.709478241710572e-05, 'n_steps': 9080, 'total_timesteps': 735247, 'gamma': 0.9162295946868061, 'gae_lambda': 0.9756897221612153, 'ent_coef': 0.05498357482676317, 'vf_coef': 0.1365219992155689, 'max_grad_norm': 0.22510422667136523, 'reward_scaling': 1.2289858366904299e-05, 'hmax': 77251, 'sharpe_ratio_weight': 0.22633337505032897, 'loss_penalty_weight': 0.14194108873171268} because of the following error: The value None could not be cast to float..
Trial 7 failed with value None.
Trial 8 failed with parameters: {'learning_rate': 1.9247681047982055e-05, 'n_steps': 4347, 'total_timesteps': 813390, 'gamma': 0.9849392323655424, 'gae_lambda': 0.9858974624325395, 'ent_coef': 0.07016332527345508, 'vf_coef': 0.2795812787279965, 'max_grad_norm': 0.13990798365737916, 'reward_scaling': 0.0007648015079155577, 'hmax': 78511, 'sharpe_ratio_weight': 0.34976790747817577, 'loss_penalty_weight': 0.1061397098205027} because of the following error: The value None could not be cast to float..
Trial 8 failed with value None.
Trial 9 failed with parameters: {'learning_rate': 1.0506004819191001e-05, 'n_steps': 4398, 'total_timesteps': 315275, 'gamma': 0.9108846452431422, 'gae_lambda': 0.9384121261041695, 'ent_coef': 0.0645624513185573, 'vf_coef': 0.27685777351544677, 'max_grad_norm': 0.1399154551712825, 'reward_scaling': 0.0009489442635307381, 'hmax': 75250, 'sharpe_ratio_weight': 0.7266703148603975, 'loss_penalty_weight': 0.18933118768385773} because of the following error: The value None could not be cast to float..
Trial 9 failed with value None.
Trial 10 failed with parameters: {'learning_rate': 1.1003580667180886e-05, 'n_steps': 5258, 'total_timesteps': 370475, 'gamma': 0.9464121298016251, 'gae_lambda': 0.9814690511750241, 'ent_coef': 0.029709089129893902, 'vf_coef': 0.10678798741415788, 'max_grad_norm': 0.11871902345263724, 'reward_scaling': 1.3559446354850865e-05, 'hmax': 49042, 'sharpe_ratio_weight': 0.4715641872889096, 'loss_penalty_weight': 0.12367277981427903} because of the following error: The value None could not be cast to float..
Trial 10 failed with value None.
Trial 11 failed with parameters: {'learning_rate': 2.9786365538172125e-05, 'n_steps': 6164, 'total_timesteps': 301235, 'gamma': 0.9810465820755816, 'gae_lambda': 0.9268439438891896, 'ent_coef': 0.0771915791856459, 'vf_coef': 0.18959296043869875, 'max_grad_norm': 0.11117021995649969, 'reward_scaling': 1.7954482692574866e-05, 'hmax': 94937, 'sharpe_ratio_weight': 0.29378544274439056, 'loss_penalty_weight': 0.12915093855120435} because of the following error: The value None could not be cast to float..
Trial 11 failed with value None.
Trial 12 failed with parameters: {'learning_rate': 6.426636404040107e-05, 'n_steps': 6183, 'total_timesteps': 727630, 'gamma': 0.9333713213443693, 'gae_lambda': 0.942191370123284, 'ent_coef': 0.05338867626735227, 'vf_coef': 0.13138067108301218, 'max_grad_norm': 0.34817486965756556, 'reward_scaling': 0.00025932117141220986, 'hmax': 49463, 'sharpe_ratio_weight': 0.2988929585205446, 'loss_penalty_weight': 0.14583875385562775} because of the following error: The value None could not be cast to float..
Trial 12 failed with value None.
Trial 13 failed with parameters: {'learning_rate': 1.2063974464973165e-05, 'n_steps': 8903, 'total_timesteps': 778516, 'gamma': 0.9503234686906293, 'gae_lambda': 0.9804868539587149, 'ent_coef': 0.02321450553223261, 'vf_coef': 0.22263641058366423, 'max_grad_norm': 0.34559016663822006, 'reward_scaling': 0.00011254956909138943, 'hmax': 51697, 'sharpe_ratio_weight': 0.8452812086135982, 'loss_penalty_weight': 0.4941011644445715} because of the following error: The value None could not be cast to float..
Trial 13 failed with value None.
Trial 14 failed with parameters: {'learning_rate': 4.762056766591686e-05, 'n_steps': 5848, 'total_timesteps': 647302, 'gamma': 0.9805536775512116, 'gae_lambda': 0.9631605883203579, 'ent_coef': 0.01977385791936028, 'vf_coef': 0.1423292126307745, 'max_grad_norm': 0.1274546040950668, 'reward_scaling': 4.900385789717641e-05, 'hmax': 98329, 'sharpe_ratio_weight': 0.8509744552181421, 'loss_penalty_weight': 0.5680633371286715} because of the following error: The value None could not be cast to float..
Trial 14 failed with value None.
Trial 15 failed with parameters: {'learning_rate': 2.2636556899583318e-05, 'n_steps': 5283, 'total_timesteps': 569816, 'gamma': 0.939338312129871, 'gae_lambda': 0.9115489321957063, 'ent_coef': 0.06252010105426761, 'vf_coef': 0.18774215297474983, 'max_grad_norm': 0.23353742272402916, 'reward_scaling': 1.0577472246786432e-05, 'hmax': 90063, 'sharpe_ratio_weight': 0.23149504202590557, 'loss_penalty_weight': 0.42670876582150796} because of the following error: The value None could not be cast to float..
Trial 15 failed with value None.
Trial 16 failed with parameters: {'learning_rate': 1.613769336775213e-05, 'n_steps': 4419, 'total_timesteps': 317758, 'gamma': 0.9494282781467138, 'gae_lambda': 0.9645545810973551, 'ent_coef': 0.07657252833028236, 'vf_coef': 0.22914365795603595, 'max_grad_norm': 0.22614696853530739, 'reward_scaling': 0.00018680482726180593, 'hmax': 79112, 'sharpe_ratio_weight': 0.6944993317197331, 'loss_penalty_weight': 0.1284079036897291} because of the following error: The value None could not be cast to float..
Trial 16 failed with value None.
Trial 17 failed with parameters: {'learning_rate': 1.3928179935599967e-05, 'n_steps': 4781, 'total_timesteps': 329493, 'gamma': 0.9218983969143268, 'gae_lambda': 0.9784433520467324, 'ent_coef': 0.07003621908099852, 'vf_coef': 0.12169743547750891, 'max_grad_norm': 0.26882708820844353, 'reward_scaling': 0.00022670583124998752, 'hmax': 70793, 'sharpe_ratio_weight': 0.6443668670449421, 'loss_penalty_weight': 0.44015962381510715} because of the following error: The value None could not be cast to float..
Trial 17 failed with value None.
Trial 18 failed with parameters: {'learning_rate': 1.802959808378031e-05, 'n_steps': 2068, 'total_timesteps': 952017, 'gamma': 0.9079457193093871, 'gae_lambda': 0.9139924692765974, 'ent_coef': 0.02426335482206131, 'vf_coef': 0.2127830186737793, 'max_grad_norm': 0.168263801071297, 'reward_scaling': 2.8211597418945756e-05, 'hmax': 68627, 'sharpe_ratio_weight': 0.564833503175908, 'loss_penalty_weight': 0.10113537947698951} because of the following error: The value None could not be cast to float..
Trial 18 failed with value None.
Trial 19 failed with parameters: {'learning_rate': 1.5243864941316826e-05, 'n_steps': 3163, 'total_timesteps': 427702, 'gamma': 0.9366330970207101, 'gae_lambda': 0.9366114469366038, 'ent_coef': 0.020196775319201984, 'vf_coef': 0.11868980152220134, 'max_grad_norm': 0.13928513874815202, 'reward_scaling': 0.0001102195095186204, 'hmax': 42707, 'sharpe_ratio_weight': 0.5373240355183294, 'loss_penalty_weight': 0.36239125085794993} because of the following error: The value None could not be cast to float..
Trial 19 failed with value None.
Trial 20 failed with parameters: {'learning_rate': 6.933754397338006e-05, 'n_steps': 6381, 'total_timesteps': 578490, 'gamma': 0.9600106708085699, 'gae_lambda': 0.9045163093803462, 'ent_coef': 0.034854641759376324, 'vf_coef': 0.17574655313892187, 'max_grad_norm': 0.13194039993077475, 'reward_scaling': 0.00010960029960669229, 'hmax': 51844, 'sharpe_ratio_weight': 0.5507014135556954, 'loss_penalty_weight': 0.41630627406592097} because of the following error: The value None could not be cast to float..
Trial 20 failed with value None.
Trial 21 failed with parameters: {'learning_rate': 1.0735428119666765e-05, 'n_steps': 6565, 'total_timesteps': 679713, 'gamma': 0.9714973459907144, 'gae_lambda': 0.9121884073806449, 'ent_coef': 0.026291100686942695, 'vf_coef': 0.11721799702485448, 'max_grad_norm': 0.30846445268906225, 'reward_scaling': 0.00021492474987250861, 'hmax': 63740, 'sharpe_ratio_weight': 0.858140508157989, 'loss_penalty_weight': 0.18294242101602576} because of the following error: The value None could not be cast to float..
Trial 21 failed with value None.
Trial 22 failed with parameters: {'learning_rate': 1.0492083835528503e-05, 'n_steps': 2580, 'total_timesteps': 738248, 'gamma': 0.9210776508152125, 'gae_lambda': 0.9133685871345095, 'ent_coef': 0.0833736123644812, 'vf_coef': 0.1429790683274924, 'max_grad_norm': 0.39114246693590243, 'reward_scaling': 5.9050266005267305e-05, 'hmax': 86970, 'sharpe_ratio_weight': 0.658645153718267, 'loss_penalty_weight': 0.13748685144533185} because of the following error: The value None could not be cast to float..
Trial 22 failed with value None.
Trial 23 failed with parameters: {'learning_rate': 7.853889350642641e-05, 'n_steps': 8615, 'total_timesteps': 780580, 'gamma': 0.904428902085716, 'gae_lambda': 0.9880972072908223, 'ent_coef': 0.0914664128732979, 'vf_coef': 0.14501868300528914, 'max_grad_norm': 0.2018004155618473, 'reward_scaling': 6.226652973493271e-05, 'hmax': 68951, 'sharpe_ratio_weight': 0.8067357350271593, 'loss_penalty_weight': 0.10210195552484763} because of the following error: The value None could not be cast to float..
Trial 23 failed with value None.
Trial 24 failed with parameters: {'learning_rate': 1.3518475769257146e-05, 'n_steps': 1202, 'total_timesteps': 380330, 'gamma': 0.9792806826287965, 'gae_lambda': 0.9826095581967479, 'ent_coef': 0.02306327875325465, 'vf_coef': 0.12305850570740437, 'max_grad_norm': 0.2747146693579837, 'reward_scaling': 1.240884091412064e-05, 'hmax': 79913, 'sharpe_ratio_weight': 0.20241073182173866, 'loss_penalty_weight': 0.1002868110827432} because of the following error: The value None could not be cast to float..
Trial 24 failed with value None.
Trial 25 failed with parameters: {'learning_rate': 1.693487293901767e-05, 'n_steps': 2304, 'total_timesteps': 452372, 'gamma': 0.9659685279420899, 'gae_lambda': 0.9651302267335707, 'ent_coef': 0.05647674064075264, 'vf_coef': 0.13299425311843102, 'max_grad_norm': 0.16330778237559263, 'reward_scaling': 0.00023676338285248617, 'hmax': 64899, 'sharpe_ratio_weight': 0.887149511645009, 'loss_penalty_weight': 0.20801037134624137} because of the following error: The value None could not be cast to float..
Trial 25 failed with value None.
Trial 26 failed with parameters: {'learning_rate': 1.0725915376033964e-05, 'n_steps': 5229, 'total_timesteps': 750527, 'gamma': 0.9855086500485711, 'gae_lambda': 0.9470658927160351, 'ent_coef': 0.032374573910480396, 'vf_coef': 0.1331099611323127, 'max_grad_norm': 0.3599781741448928, 'reward_scaling': 0.0008024306888264543, 'hmax': 51749, 'sharpe_ratio_weight': 0.5433139250577188, 'loss_penalty_weight': 0.17477416828959969} because of the following error: The value None could not be cast to float..
Trial 26 failed with value None.
Trial 27 failed with parameters: {'learning_rate': 2.285936328187259e-05, 'n_steps': 4495, 'total_timesteps': 366197, 'gamma': 0.9824333427977148, 'gae_lambda': 0.9350687895991182, 'ent_coef': 0.012998262142812918, 'vf_coef': 0.17811753813546582, 'max_grad_norm': 0.33913874825147505, 'reward_scaling': 4.658785375273766e-05, 'hmax': 51263, 'sharpe_ratio_weight': 0.35652195376926044, 'loss_penalty_weight': 0.20594816562908252} because of the following error: The value None could not be cast to float..
Trial 27 failed with value None.
Trial 28 failed with parameters: {'learning_rate': 3.5634842797728916e-05, 'n_steps': 1286, 'total_timesteps': 412820, 'gamma': 0.9485565705769063, 'gae_lambda': 0.972670885917234, 'ent_coef': 0.04227403621003392, 'vf_coef': 0.11204346908079818, 'max_grad_norm': 0.13651947778340914, 'reward_scaling': 1.9501113326661266e-05, 'hmax': 99427, 'sharpe_ratio_weight': 0.27414134189857714, 'loss_penalty_weight': 0.2531316325362898} because of the following error: The value None could not be cast to float..
Trial 28 failed with value None.
Trial 29 failed with parameters: {'learning_rate': 5.830026940563862e-05, 'n_steps': 1587, 'total_timesteps': 942628, 'gamma': 0.953716820828978, 'gae_lambda': 0.9940115510566552, 'ent_coef': 0.017495626195059594, 'vf_coef': 0.14409045990729147, 'max_grad_norm': 0.13331985491775963, 'reward_scaling': 0.0006333126917036563, 'hmax': 79023, 'sharpe_ratio_weight': 0.2550297667696131, 'loss_penalty_weight': 0.522316142059431} because of the following error: The value None could not be cast to float..
Trial 29 failed with value None.
A new study created in memory with name: no-name-7e3143e0-cb85-44e4-83d0-4b74e54f1005
Trial 0 failed with parameters: {'learning_rate': 2.6630767109239412e-05, 'n_steps': 1448, 'total_timesteps': 739916, 'gamma': 0.9557438632779275, 'gae_lambda': 0.9290244776284009, 'ent_coef': 0.0887997644451203, 'vf_coef': 0.11650694113131548, 'max_grad_norm': 0.13649142384974522, 'reward_scaling': 2.7057722721698607e-05, 'hmax': 67919, 'sharpe_ratio_weight': 0.4077730798278075, 'loss_penalty_weight': 0.1115534855473713} because of the following error: The value None could not be cast to float..
Trial 0 failed with value None.
A new study created in memory with name: no-name-01154ac5-40c7-4015-b758-8ef2a35b57c4
Trial 0 failed with parameters: {'learning_rate': 2.905108828793102e-05, 'n_steps': 6658, 'total_timesteps': 308689, 'gamma': 0.9132726476874692, 'gae_lambda': 0.9050039413285252, 'ent_coef': 0.017633625192678467, 'vf_coef': 0.2542065047281824, 'max_grad_norm': 0.10326649448483462, 'reward_scaling': 0.0007726908655171529, 'hmax': 68129, 'sharpe_ratio_weight': 0.2989793133830735, 'loss_penalty_weight': 0.2145613059314265} because of the following error: The value None could not be cast to float..
Trial 0 failed with value None.
A new study created in memory with name: no-name-097f9c1b-29c1-4d15-89c0-9061d8985a8b
A new study created in memory with name: no-name-097f9c1b-29c1-4d15-89c0-9061d8985a8b
Trial 0 failed with parameters: {'learning_rate': 1.578078429238655e-05, 'n_steps': 7212, 'total_timesteps': 416039, 'gamma': 0.9040643631582199, 'gae_lambda': 0.9886278042505794, 'ent_coef': 0.015325953890490315, 'vf_coef': 0.14698316222943997, 'max_grad_norm': 0.1453403155969759, 'reward_scaling': 4.973009073307172e-05, 'hmax': 48169, 'sharpe_ratio_weight': 0.3211602362064636, 'loss_penalty_weight': 0.3304035705308335} because of the following error: KeyboardInterrupt().
Traceback (most recent call last):
  File "/Users/floriankockler/anaconda3/envs/py310/lib/python3.10/site-packages/optuna/study/_optimize.py", line 200, in _run_trial
    value_or_values = func(trial)
  File "/Users/floriankockler/Documents/GitHub.nosync/quantumai2/hyperoptimizer/optunaoptimizer.py", line 376, in objective
    model.learn(total_timesteps=timesteps, callback=callbacks,
  File "/Users/floriankockler/anaconda3/envs/py310/lib/python3.10/site-packages/stable_baselines3/a2c/a2c.py", line 194, in learn
    return super().learn(
  File "/Users/floriankockler/anaconda3/envs/py310/lib/python3.10/site-packages/stable_baselines3/common/on_policy_algorithm.py", line 259, in learn
    continue_training = self.collect_rollouts(self.env, callback, self.rollout_buffer, n_rollout_steps=self.n_steps)
  File "/Users/floriankockler/anaconda3/envs/py310/lib/python3.10/site-packages/stable_baselines3/common/on_policy_algorithm.py", line 178, in collect_rollouts
    new_obs, rewards, dones, infos = env.step(clipped_actions)
  File "/Users/floriankockler/anaconda3/envs/py310/lib/python3.10/site-packages/stable_baselines3/common/vec_env/base_vec_env.py", line 197, in step
    return self.step_wait()
  File "/Users/floriankockler/anaconda3/envs/py310/lib/python3.10/site-packages/stable_baselines3/common/vec_env/vec_normalize.py", line 187, in step_wait
    self.obs_rms.update(obs)
  File "/Users/floriankockler/anaconda3/envs/py310/lib/python3.10/site-packages/stable_baselines3/common/running_mean_std.py", line 38, in update
    batch_mean = np.mean(arr, axis=0)
  File "/Users/floriankockler/anaconda3/envs/py310/lib/python3.10/site-packages/numpy/core/fromnumeric.py", line 3504, in mean
    return _methods._mean(a, axis=axis, dtype=dtype,
  File "/Users/floriankockler/anaconda3/envs/py310/lib/python3.10/site-packages/numpy/core/_methods.py", line 120, in _mean
    with _no_nep50_warning():
  File "/Users/floriankockler/anaconda3/envs/py310/lib/python3.10/contextlib.py", line 281, in helper
    return _GeneratorContextManager(func, args, kwds)
  File "/Users/floriankockler/anaconda3/envs/py310/lib/python3.10/contextlib.py", line 106, in __init__
    doc = getattr(func, "__doc__", None)
KeyboardInterrupt
Trial 0 failed with parameters: {'learning_rate': 1.578078429238655e-05, 'n_steps': 7212, 'total_timesteps': 416039, 'gamma': 0.9040643631582199, 'gae_lambda': 0.9886278042505794, 'ent_coef': 0.015325953890490315, 'vf_coef': 0.14698316222943997, 'max_grad_norm': 0.1453403155969759, 'reward_scaling': 4.973009073307172e-05, 'hmax': 48169, 'sharpe_ratio_weight': 0.3211602362064636, 'loss_penalty_weight': 0.3304035705308335} because of the following error: KeyboardInterrupt().
Traceback (most recent call last):
  File "/Users/floriankockler/anaconda3/envs/py310/lib/python3.10/site-packages/optuna/study/_optimize.py", line 200, in _run_trial
    value_or_values = func(trial)
  File "/Users/floriankockler/Documents/GitHub.nosync/quantumai2/hyperoptimizer/optunaoptimizer.py", line 376, in objective
    model.learn(total_timesteps=timesteps, callback=callbacks,
  File "/Users/floriankockler/anaconda3/envs/py310/lib/python3.10/site-packages/stable_baselines3/a2c/a2c.py", line 194, in learn
    return super().learn(
  File "/Users/floriankockler/anaconda3/envs/py310/lib/python3.10/site-packages/stable_baselines3/common/on_policy_algorithm.py", line 259, in learn
    continue_training = self.collect_rollouts(self.env, callback, self.rollout_buffer, n_rollout_steps=self.n_steps)
  File "/Users/floriankockler/anaconda3/envs/py310/lib/python3.10/site-packages/stable_baselines3/common/on_policy_algorithm.py", line 178, in collect_rollouts
    new_obs, rewards, dones, infos = env.step(clipped_actions)
  File "/Users/floriankockler/anaconda3/envs/py310/lib/python3.10/site-packages/stable_baselines3/common/vec_env/base_vec_env.py", line 197, in step
    return self.step_wait()
  File "/Users/floriankockler/anaconda3/envs/py310/lib/python3.10/site-packages/stable_baselines3/common/vec_env/vec_normalize.py", line 187, in step_wait
    self.obs_rms.update(obs)
  File "/Users/floriankockler/anaconda3/envs/py310/lib/python3.10/site-packages/stable_baselines3/common/running_mean_std.py", line 38, in update
    batch_mean = np.mean(arr, axis=0)
  File "/Users/floriankockler/anaconda3/envs/py310/lib/python3.10/site-packages/numpy/core/fromnumeric.py", line 3504, in mean
    return _methods._mean(a, axis=axis, dtype=dtype,
  File "/Users/floriankockler/anaconda3/envs/py310/lib/python3.10/site-packages/numpy/core/_methods.py", line 120, in _mean
    with _no_nep50_warning():
  File "/Users/floriankockler/anaconda3/envs/py310/lib/python3.10/contextlib.py", line 281, in helper
    return _GeneratorContextManager(func, args, kwds)
  File "/Users/floriankockler/anaconda3/envs/py310/lib/python3.10/contextlib.py", line 106, in __init__
    doc = getattr(func, "__doc__", None)
KeyboardInterrupt
Trial 0 failed with value None.
Trial 0 failed with value None.
A new study created in memory with name: no-name-65e01bba-404a-4906-8e8f-ce00b206d68b
A new study created in memory with name: no-name-65e01bba-404a-4906-8e8f-ce00b206d68b
Trial 0 failed with parameters: {'learning_rate': 2.9968477941528427e-05, 'n_steps': 3359, 'total_timesteps': 385340, 'gamma': 0.9016133484653102, 'gae_lambda': 0.9938859158696166, 'ent_coef': 0.03188944507845674, 'vf_coef': 0.2758780915322775, 'max_grad_norm': 0.21558218859568312, 'reward_scaling': 0.00015057582374173516, 'hmax': 86248, 'sharpe_ratio_weight': 0.27622842270316394, 'loss_penalty_weight': 0.18093454196846565} because of the following error: The value None could not be cast to float..
Trial 0 failed with parameters: {'learning_rate': 2.9968477941528427e-05, 'n_steps': 3359, 'total_timesteps': 385340, 'gamma': 0.9016133484653102, 'gae_lambda': 0.9938859158696166, 'ent_coef': 0.03188944507845674, 'vf_coef': 0.2758780915322775, 'max_grad_norm': 0.21558218859568312, 'reward_scaling': 0.00015057582374173516, 'hmax': 86248, 'sharpe_ratio_weight': 0.27622842270316394, 'loss_penalty_weight': 0.18093454196846565} because of the following error: The value None could not be cast to float..
Trial 0 failed with value None.
Trial 0 failed with value None.
A new study created in memory with name: no-name-3bdcc59f-246e-44af-9426-ec8478730151
A new study created in memory with name: no-name-3bdcc59f-246e-44af-9426-ec8478730151
A new study created in memory with name: no-name-3bdcc59f-246e-44af-9426-ec8478730151
A new study created in memory with name: no-name-95cc88cc-fb6c-4491-9f5c-2d14974a6c3e
A new study created in memory with name: no-name-e1279067-5a83-4731-bc3b-678a994fa646
Trial 0 failed with parameters: {'learning_rate': 6.42820118387985e-05, 'n_steps': 8960, 'total_timesteps': 712164, 'gamma': 0.9708970633675434, 'gae_lambda': 0.9035198575951779, 'ent_coef': 0.038316481605053694, 'vf_coef': 0.12748266827117466, 'max_grad_norm': 0.3684566978291549, 'reward_scaling': 1.697105777259161e-05, 'hmax': 59368, 'sharpe_ratio_weight': 0.8295081112424038, 'loss_penalty_weight': 0.24780481264498996} because of the following error: KeyboardInterrupt().
Traceback (most recent call last):
  File "/Users/floriankockler/anaconda3/envs/py310/lib/python3.10/site-packages/optuna/study/_optimize.py", line 200, in _run_trial
    value_or_values = func(trial)
  File "/Users/floriankockler/Documents/GitHub.nosync/quantumai2/hyperoptimizer/optunaoptimizer.py", line 376, in objective
    model.learn(total_timesteps=timesteps, callback=callbacks,
  File "/Users/floriankockler/anaconda3/envs/py310/lib/python3.10/site-packages/stable_baselines3/a2c/a2c.py", line 194, in learn
    return super().learn(
  File "/Users/floriankockler/anaconda3/envs/py310/lib/python3.10/site-packages/stable_baselines3/common/on_policy_algorithm.py", line 259, in learn
    continue_training = self.collect_rollouts(self.env, callback, self.rollout_buffer, n_rollout_steps=self.n_steps)
  File "/Users/floriankockler/anaconda3/envs/py310/lib/python3.10/site-packages/stable_baselines3/common/on_policy_algorithm.py", line 178, in collect_rollouts
    new_obs, rewards, dones, infos = env.step(clipped_actions)
  File "/Users/floriankockler/anaconda3/envs/py310/lib/python3.10/site-packages/stable_baselines3/common/vec_env/base_vec_env.py", line 197, in step
    return self.step_wait()
  File "/Users/floriankockler/anaconda3/envs/py310/lib/python3.10/site-packages/stable_baselines3/common/vec_env/vec_normalize.py", line 178, in step_wait
    obs, rewards, dones, infos = self.venv.step_wait()
  File "/Users/floriankockler/anaconda3/envs/py310/lib/python3.10/site-packages/stable_baselines3/common/vec_env/dummy_vec_env.py", line 58, in step_wait
    obs, self.buf_rews[env_idx], terminated, truncated, self.buf_infos[env_idx] = self.envs[env_idx].step(
  File "/var/folders/_2/x__vfndx65bd1j3y57l3q4wc0000gn/T/ipykernel_4119/849123512.py", line 188, in step
    self.date_memory.append(self._get_date())
  File "/var/folders/_2/x__vfndx65bd1j3y57l3q4wc0000gn/T/ipykernel_4119/849123512.py", line 347, in _get_date
    if len(self.df.tic.unique()) > 1:
  File "/Users/floriankockler/anaconda3/envs/py310/lib/python3.10/site-packages/pandas/core/series.py", line 2194, in unique
    return super().unique()
  File "/Users/floriankockler/anaconda3/envs/py310/lib/python3.10/site-packages/pandas/core/base.py", line 1030, in unique
    result = algorithms.unique1d(values)
  File "/Users/floriankockler/anaconda3/envs/py310/lib/python3.10/site-packages/pandas/core/algorithms.py", line 390, in unique
    return unique_with_mask(values)
  File "/Users/floriankockler/anaconda3/envs/py310/lib/python3.10/site-packages/pandas/core/algorithms.py", line 425, in unique_with_mask
    hashtable, values = _get_hashtable_algo(values)
  File "/Users/floriankockler/anaconda3/envs/py310/lib/python3.10/site-packages/pandas/core/algorithms.py", line 264, in _get_hashtable_algo
    ndtype = _check_object_for_strings(values)
  File "/Users/floriankockler/anaconda3/envs/py310/lib/python3.10/site-packages/pandas/core/algorithms.py", line 286, in _check_object_for_strings
    if lib.infer_dtype(values, skipna=False) in ["string"]:
KeyboardInterrupt
Trial 0 failed with value None.
A new study created in memory with name: no-name-b3891d34-f100-4d16-862d-6248386e9d30
Trial 0 finished with value: 18.727129806301832 and parameters: {'learning_rate': 6.995673227912843e-05, 'n_steps': 3119, 'total_timesteps': 508290, 'gamma': 0.9894932254404468, 'gae_lambda': 0.9156582254203178, 'ent_coef': 0.08773949856580812, 'vf_coef': 0.18043917972408116, 'max_grad_norm': 0.1283218938404825, 'reward_scaling': 1.0936096326388394e-05, 'hmax': 43951, 'sharpe_ratio_weight': 0.2830251911351397, 'loss_penalty_weight': 0.5998555424358567}. Best is trial 0 with value: 18.727129806301832.
Trial 1 finished with value: -1.053490769205257 and parameters: {'learning_rate': 2.377415148905425e-05, 'n_steps': 3798, 'total_timesteps': 488831, 'gamma': 0.9761946521999934, 'gae_lambda': 0.9997340521064256, 'ent_coef': 0.058306729766054305, 'vf_coef': 0.23575499806409395, 'max_grad_norm': 0.13817293938324027, 'reward_scaling': 0.00022483109231676699, 'hmax': 91190, 'sharpe_ratio_weight': 0.826041999823103, 'loss_penalty_weight': 0.23203391976240778}. Best is trial 0 with value: 18.727129806301832.
Trial 2 finished with value: 0.34027756531061754 and parameters: {'learning_rate': 8.630895184333298e-05, 'n_steps': 1203, 'total_timesteps': 304781, 'gamma': 0.9972083017942791, 'gae_lambda': 0.9291500260512192, 'ent_coef': 0.04030251296654942, 'vf_coef': 0.17105840525059063, 'max_grad_norm': 0.24330676345120947, 'reward_scaling': 0.00014977533944773844, 'hmax': 92085, 'sharpe_ratio_weight': 0.2355013420252079, 'loss_penalty_weight': 0.24399398859220095}. Best is trial 0 with value: 18.727129806301832.
Trial 3 finished with value: 0.42936798581866925 and parameters: {'learning_rate': 1.7058822787805666e-05, 'n_steps': 4317, 'total_timesteps': 725640, 'gamma': 0.9145281487064072, 'gae_lambda': 0.991099239313457, 'ent_coef': 0.029668722469294227, 'vf_coef': 0.16127515185247324, 'max_grad_norm': 0.35077495034164413, 'reward_scaling': 0.0007724656519606665, 'hmax': 89359, 'sharpe_ratio_weight': 0.6220292440975203, 'loss_penalty_weight': 0.36214545518388125}. Best is trial 0 with value: 18.727129806301832.
Trial 4 finished with value: 0.9127826954939338 and parameters: {'learning_rate': 2.2461447762857927e-05, 'n_steps': 8837, 'total_timesteps': 992913, 'gamma': 0.9318402155315292, 'gae_lambda': 0.9349767008257092, 'ent_coef': 0.031579879820541376, 'vf_coef': 0.2796617773094347, 'max_grad_norm': 0.16661019472788138, 'reward_scaling': 7.194037979741996e-05, 'hmax': 84240, 'sharpe_ratio_weight': 0.8274811277327544, 'loss_penalty_weight': 0.20994079913486421}. Best is trial 0 with value: 18.727129806301832.
Trial 5 finished with value: 6.466408208916209 and parameters: {'learning_rate': 8.664770553459491e-05, 'n_steps': 2572, 'total_timesteps': 990633, 'gamma': 0.9266776162844096, 'gae_lambda': 0.9930434689144918, 'ent_coef': 0.026389347089250233, 'vf_coef': 0.1278965399044476, 'max_grad_norm': 0.19652050153627165, 'reward_scaling': 2.1288844012391942e-05, 'hmax': 96684, 'sharpe_ratio_weight': 0.6101330358094147, 'loss_penalty_weight': 0.18582036972141386}. Best is trial 0 with value: 18.727129806301832.
Trial 6 finished with value: 1.2817509386735764 and parameters: {'learning_rate': 3.218734294939689e-05, 'n_steps': 9287, 'total_timesteps': 662971, 'gamma': 0.9153152009365985, 'gae_lambda': 0.9260403982757088, 'ent_coef': 0.03926848495240643, 'vf_coef': 0.11232808245241829, 'max_grad_norm': 0.1552032487607828, 'reward_scaling': 2.7160329566240564e-05, 'hmax': 57809, 'sharpe_ratio_weight': 0.8355402661738123, 'loss_penalty_weight': 0.2782932898510099}. Best is trial 0 with value: 18.727129806301832.
Trial 7 finished with value: 8.93843667205483 and parameters: {'learning_rate': 5.330515245515764e-05, 'n_steps': 4773, 'total_timesteps': 564746, 'gamma': 0.9502624339566735, 'gae_lambda': 0.9892334755272205, 'ent_coef': 0.01105685394527028, 'vf_coef': 0.2546062661550263, 'max_grad_norm': 0.1801634680703854, 'reward_scaling': 2.896233599260525e-05, 'hmax': 82042, 'sharpe_ratio_weight': 0.3885098784852856, 'loss_penalty_weight': 0.41527650617533995}. Best is trial 0 with value: 18.727129806301832.
Trial 8 finished with value: 0.5482358864117487 and parameters: {'learning_rate': 1.701991505721755e-05, 'n_steps': 7087, 'total_timesteps': 368315, 'gamma': 0.9467395456710829, 'gae_lambda': 0.9630888163949334, 'ent_coef': 0.09235671567528973, 'vf_coef': 0.21062417987575133, 'max_grad_norm': 0.16915819746457833, 'reward_scaling': 4.327158318388702e-05, 'hmax': 80148, 'sharpe_ratio_weight': 0.4688347612377054, 'loss_penalty_weight': 0.23260943776301302}. Best is trial 0 with value: 18.727129806301832.
Trial 9 finished with value: 0.07635676556936914 and parameters: {'learning_rate': 6.36703994521148e-05, 'n_steps': 8016, 'total_timesteps': 381240, 'gamma': 0.9757199319601174, 'gae_lambda': 0.9298308624919626, 'ent_coef': 0.012116752984317141, 'vf_coef': 0.17292026944136035, 'max_grad_norm': 0.16028869873614301, 'reward_scaling': 0.0008404882059732087, 'hmax': 68899, 'sharpe_ratio_weight': 0.7299255450207416, 'loss_penalty_weight': 0.2165010075156118}. Best is trial 0 with value: 18.727129806301832.
A new study created in memory with name: no-name-9da201d4-e30c-4591-afa7-9f49d61489db
Trial 0 finished with value: 16.042107966269008 and parameters: {'learning_rate': 2.494007616372345e-05, 'n_steps': 8729, 'total_timesteps': 504998, 'gamma': 0.9623769972981521, 'gae_lambda': 0.9751966136564306, 'ent_coef': 0.022647904329943326, 'vf_coef': 0.24955819056428472, 'max_grad_norm': 0.15680035678355908, 'reward_scaling': 8.567271696972777e-05, 'hmax': 66396, 'sharpe_ratio_weight': 0.49590662516739387, 'loss_penalty_weight': 0.22968274104235378}. Best is trial 0 with value: 16.042107966269008.
Trial 1 finished with value: -8.040406894795888 and parameters: {'learning_rate': 5.827323605365839e-05, 'n_steps': 3787, 'total_timesteps': 485556, 'gamma': 0.9284689915645739, 'gae_lambda': 0.9497710379696682, 'ent_coef': 0.01790270573581529, 'vf_coef': 0.10644632715342857, 'max_grad_norm': 0.35973984542212567, 'reward_scaling': 0.0001501876562341069, 'hmax': 75711, 'sharpe_ratio_weight': 0.27214640518812055, 'loss_penalty_weight': 0.2718766246512075}. Best is trial 0 with value: 16.042107966269008.
Trial 2 finished with value: 5.9773603705443294 and parameters: {'learning_rate': 2.422634340847146e-05, 'n_steps': 1407, 'total_timesteps': 969486, 'gamma': 0.9461011150758349, 'gae_lambda': 0.9357766767645888, 'ent_coef': 0.014122303717859443, 'vf_coef': 0.2841246126033008, 'max_grad_norm': 0.21344778724783167, 'reward_scaling': 7.037976990458533e-05, 'hmax': 55773, 'sharpe_ratio_weight': 0.235301664231642, 'loss_penalty_weight': 0.21285533511668833}. Best is trial 0 with value: 16.042107966269008.
Trial 3 failed with parameters: {'learning_rate': 2.507867448838971e-05, 'n_steps': 8328, 'total_timesteps': 658252, 'gamma': 0.9652734740665218, 'gae_lambda': 0.9816314331362955, 'ent_coef': 0.08653956908188516, 'vf_coef': 0.1420827599849837, 'max_grad_norm': 0.22410490028326502, 'reward_scaling': 1.6309781810506985e-05, 'hmax': 55716, 'sharpe_ratio_weight': 0.6018378810798478, 'loss_penalty_weight': 0.2178068386477834} because of the following error: The value None could not be cast to float..
Trial 3 failed with value None.
Trial 4 failed with parameters: {'learning_rate': 2.5095596387665743e-05, 'n_steps': 5998, 'total_timesteps': 337151, 'gamma': 0.9064216740691553, 'gae_lambda': 0.9227388148789919, 'ent_coef': 0.03993262384545035, 'vf_coef': 0.132609979825593, 'max_grad_norm': 0.13910136024150166, 'reward_scaling': 6.886179842958112e-05, 'hmax': 53253, 'sharpe_ratio_weight': 0.45736722993876905, 'loss_penalty_weight': 0.11179835161252027} because of the following error: The value None could not be cast to float..
Trial 4 failed with value None.
Trial 5 failed with parameters: {'learning_rate': 8.94431784946391e-05, 'n_steps': 1306, 'total_timesteps': 823125, 'gamma': 0.9497110311880195, 'gae_lambda': 0.9261010376553654, 'ent_coef': 0.07884712405588756, 'vf_coef': 0.10872594219802711, 'max_grad_norm': 0.18956631382810785, 'reward_scaling': 0.00018905937766521905, 'hmax': 57875, 'sharpe_ratio_weight': 0.2981839086171392, 'loss_penalty_weight': 0.18731401620725122} because of the following error: The value None could not be cast to float..
Trial 5 failed with value None.
Trial 6 failed with parameters: {'learning_rate': 5.180654849384663e-05, 'n_steps': 9094, 'total_timesteps': 620617, 'gamma': 0.9894387302209345, 'gae_lambda': 0.9517083905641688, 'ent_coef': 0.04663337085132842, 'vf_coef': 0.21424489563905078, 'max_grad_norm': 0.14461453792531667, 'reward_scaling': 0.0006128585442422958, 'hmax': 58173, 'sharpe_ratio_weight': 0.581455135016961, 'loss_penalty_weight': 0.3109208759302528} because of the following error: The value None could not be cast to float..
Trial 6 failed with value None.
Trial 7 failed with parameters: {'learning_rate': 1.6091043769022595e-05, 'n_steps': 5449, 'total_timesteps': 477046, 'gamma': 0.9180401491352125, 'gae_lambda': 0.9856735202880405, 'ent_coef': 0.08684476719932376, 'vf_coef': 0.10546591037580286, 'max_grad_norm': 0.20142478797722554, 'reward_scaling': 0.0001405259839247588, 'hmax': 66071, 'sharpe_ratio_weight': 0.659528368273535, 'loss_penalty_weight': 0.2884934732605774} because of the following error: The value None could not be cast to float..
Trial 7 failed with value None.
Trial 8 failed with parameters: {'learning_rate': 3.6886182157258745e-05, 'n_steps': 4645, 'total_timesteps': 731802, 'gamma': 0.9830398848855156, 'gae_lambda': 0.9686958942428519, 'ent_coef': 0.0527228737483698, 'vf_coef': 0.2007144262530156, 'max_grad_norm': 0.12470572929569344, 'reward_scaling': 0.0007239917550095877, 'hmax': 83944, 'sharpe_ratio_weight': 0.5895672210364138, 'loss_penalty_weight': 0.48465083759024963} because of the following error: The value None could not be cast to float..
Trial 8 failed with value None.
Trial 9 failed with parameters: {'learning_rate': 3.555904751398109e-05, 'n_steps': 9898, 'total_timesteps': 827007, 'gamma': 0.9177003327582581, 'gae_lambda': 0.9645232544846751, 'ent_coef': 0.03708104600739902, 'vf_coef': 0.15743489864816843, 'max_grad_norm': 0.3953861569120391, 'reward_scaling': 0.00020279068711476512, 'hmax': 67348, 'sharpe_ratio_weight': 0.2354170334854687, 'loss_penalty_weight': 0.3994294022483041} because of the following error: The value None could not be cast to float..
Trial 9 failed with value None.
A new study created in memory with name: no-name-cb70e350-e922-47d6-9a12-347c49069e31
A new study created in memory with name: no-name-cb70e350-e922-47d6-9a12-347c49069e31
A new study created in memory with name: no-name-4ce1d3c3-8fda-4819-982c-10f7def4c4da
Trial 0 finished with value: 10.18967590962718 and parameters: {'learning_rate': 8.257080889432671e-05, 'n_steps': 7183, 'total_timesteps': 831200, 'gamma': 0.9329838981480192, 'gae_lambda': 0.9968483163165711, 'ent_coef': 0.015856144277571982, 'vf_coef': 0.2699379840450442, 'max_grad_norm': 0.14877083494398485, 'reward_scaling': 6.443734115830432e-05, 'hmax': 63099, 'sharpe_ratio_weight': 0.3792063877723861, 'loss_penalty_weight': 0.1900443286262496}. Best is trial 0 with value: 10.18967590962718.
Trial 1 finished with value: -0.11205226543519871 and parameters: {'learning_rate': 2.240352794580963e-05, 'n_steps': 5722, 'total_timesteps': 994886, 'gamma': 0.9357439645530771, 'gae_lambda': 0.9183400209217195, 'ent_coef': 0.0683428521708368, 'vf_coef': 0.14489856767597173, 'max_grad_norm': 0.19317078493185036, 'reward_scaling': 1.2210650168547872e-05, 'hmax': 87067, 'sharpe_ratio_weight': 0.3869596651749711, 'loss_penalty_weight': 0.21598233205001233}. Best is trial 0 with value: 10.18967590962718.
Trial 2 finished with value: 2.380315843175026 and parameters: {'learning_rate': 3.4456264747844785e-05, 'n_steps': 8601, 'total_timesteps': 864122, 'gamma': 0.9305875422487117, 'gae_lambda': 0.9586324675954092, 'ent_coef': 0.03314299419588622, 'vf_coef': 0.2874388452132285, 'max_grad_norm': 0.24382391964183048, 'reward_scaling': 0.00046949974939296886, 'hmax': 57462, 'sharpe_ratio_weight': 0.4514150195806467, 'loss_penalty_weight': 0.49460565458830147}. Best is trial 0 with value: 10.18967590962718.
A new study created in memory with name: no-name-879158b7-f4cc-4a5a-b3b8-ed898d9dd818
Trial 0 failed with parameters: {'learning_rate': 6.739450937408573e-05, 'n_steps': 4431, 'total_timesteps': 713732, 'gamma': 0.9194464071951756, 'gae_lambda': 0.9029327691268231, 'ent_coef': 0.09806887177929634, 'vf_coef': 0.11736836525525011, 'max_grad_norm': 0.1306297310195767, 'reward_scaling': 4.530735127725903e-05, 'hmax': 87612, 'sharpe_ratio_weight': 0.6896167401234596, 'loss_penalty_weight': 0.3073713671799416} because of the following error: KeyboardInterrupt().
Traceback (most recent call last):
  File "/Users/floriankockler/anaconda3/envs/py310/lib/python3.10/site-packages/optuna/study/_optimize.py", line 200, in _run_trial
    value_or_values = func(trial)
  File "/Users/floriankockler/Documents/GitHub.nosync/quantumai2/hyperoptimizer/optunaoptimizer.py", line 376, in objective
    model.learn(total_timesteps=timesteps, callback=callbacks,
  File "/Users/floriankockler/anaconda3/envs/py310/lib/python3.10/site-packages/stable_baselines3/a2c/a2c.py", line 194, in learn
    return super().learn(
  File "/Users/floriankockler/anaconda3/envs/py310/lib/python3.10/site-packages/stable_baselines3/common/on_policy_algorithm.py", line 259, in learn
    continue_training = self.collect_rollouts(self.env, callback, self.rollout_buffer, n_rollout_steps=self.n_steps)
  File "/Users/floriankockler/anaconda3/envs/py310/lib/python3.10/site-packages/stable_baselines3/common/on_policy_algorithm.py", line 169, in collect_rollouts
    actions, values, log_probs = self.policy(obs_tensor)
  File "/Users/floriankockler/anaconda3/envs/py310/lib/python3.10/site-packages/torch/nn/modules/module.py", line 1501, in _call_impl
    return forward_call(*args, **kwargs)
  File "/Users/floriankockler/anaconda3/envs/py310/lib/python3.10/site-packages/stable_baselines3/common/policies.py", line 629, in forward
    actions = actions.reshape((-1, *self.action_space.shape))
  File "/Users/floriankockler/anaconda3/envs/py310/lib/python3.10/site-packages/gymnasium/spaces/box.py", line 139, in shape
    @property
KeyboardInterrupt
Trial 0 failed with value None.
